This is XeTeX, Version 3.141592653-2.6-0.999995 (TeX Live 2023/Debian) (preloaded format=xelatex 2024.6.1)  30 AUG 2024 15:06
entering extended mode
 restricted \write18 enabled.
 %&-line parsing enabled.
**sumer-poly.tex
(./sumer-poly.tex
LaTeX2e <2023-11-01> patch level 1
L3 programming layer <2024-01-22>
(/usr/share/texlive/texmf-dist/tex/latex/base/book.cls
Document Class: book 2023/05/17 v1.4n Standard LaTeX document class
(/usr/share/texlive/texmf-dist/tex/latex/base/bk12.clo
File: bk12.clo 2023/05/17 v1.4n Standard LaTeX file (size option)
)
\c@part=\count183
\c@chapter=\count184
\c@section=\count185
\c@subsection=\count186
\c@subsubsection=\count187
\c@paragraph=\count188
\c@subparagraph=\count189
\c@figure=\count190
\c@table=\count191
\abovecaptionskip=\skip48
\belowcaptionskip=\skip49
\bibindent=\dimen140
)
(/usr/share/texlive/texmf-dist/tex/generic/babel/babel.sty
Package: babel 2024/01/07 v24.1 The Babel package
\babel@savecnt=\count192
\U@D=\dimen141
\l@unhyphenated=\language5

(/usr/share/texlive/texmf-dist/tex/generic/babel/xebabel.def)
\bbl@readstream=\read2
\bbl@dirlevel=\count193

(/usr/share/texlive/texmf-dist/tex/generic/babel-english/english.ldf
Language: english 2017/06/06 v3.3r English support from the babel system
Package babel Info: Hyphen rules for 'british' set to \l@english
(babel)             (\language0). Reported on input line 82.
Package babel Info: Hyphen rules for 'UKenglish' set to \l@english
(babel)             (\language0). Reported on input line 83.
Package babel Info: Hyphen rules for 'canadian' set to \l@english
(babel)             (\language0). Reported on input line 102.
Package babel Info: Hyphen rules for 'australian' set to \l@english
(babel)             (\language0). Reported on input line 105.
Package babel Info: Hyphen rules for 'newzealand' set to \l@english
(babel)             (\language0). Reported on input line 108.
))
(/usr/share/texlive/texmf-dist/tex/generic/babel/locale/en/babel-english.tex
Package babel Info: Importing font and identification data for english
(babel)             from babel-en.ini. Reported on input line 11.
)
(/usr/share/texlive/texmf-dist/tex/latex/base/inputenc.sty
Package: inputenc 2021/02/14 v1.3d Input encoding file
\inpenc@prehook=\toks17
\inpenc@posthook=\toks18


Package inputenc Warning: inputenc package ignored with utf8 based engines.

) (/usr/share/texlive/texmf-dist/tex/latex/graphics/graphicx.sty
Package: graphicx 2021/09/16 v1.2d Enhanced LaTeX Graphics (DPC,SPQR)

(/usr/share/texlive/texmf-dist/tex/latex/graphics/keyval.sty
Package: keyval 2022/05/29 v1.15 key=value parser (DPC)
\KV@toks@=\toks19
)
(/usr/share/texlive/texmf-dist/tex/latex/graphics/graphics.sty
Package: graphics 2022/03/10 v1.4e Standard LaTeX Graphics (DPC,SPQR)

(/usr/share/texlive/texmf-dist/tex/latex/graphics/trig.sty
Package: trig 2021/08/11 v1.11 sin cos tan (DPC)
)
(/usr/share/texlive/texmf-dist/tex/latex/graphics-cfg/graphics.cfg
File: graphics.cfg 2016/06/04 v1.11 sample graphics configuration
)
Package graphics Info: Driver file: xetex.def on input line 107.

(/usr/share/texlive/texmf-dist/tex/latex/graphics-def/xetex.def
File: xetex.def 2022/09/22 v5.0n Graphics/color driver for xetex
))
\Gin@req@height=\dimen142
\Gin@req@width=\dimen143
)
(/usr/share/texlive/texmf-dist/tex/latex/base/fontenc.sty
Package: fontenc 2021/04/29 v2.0v Standard LaTeX package
LaTeX Font Info:    Trying to load font information for T1+lmr on input line 11
2.

(/usr/share/texmf/tex/latex/lm/t1lmr.fd
File: t1lmr.fd 2015/05/01 v1.6.1 Font defs for Latin Modern
))
(/usr/share/texlive/texmf-dist/tex/latex/upquote/upquote.sty
Package: upquote 2012/04/19 v1.3 upright-quote and grave-accent glyphs in verba
tim

(/usr/share/texlive/texmf-dist/tex/latex/base/textcomp.sty
Package: textcomp 2020/02/02 v2.0n Standard LaTeX package
))
(/usr/share/texlive/texmf-dist/tex/latex/base/makeidx.sty
Package: makeidx 2021/10/04 v1.0m Standard LaTeX package
)
(/usr/share/texlive/texmf-dist/tex/latex/polyglossia/polyglossia.sty
Package: polyglossia 2023/12/11 v1.66 Modern multilingual typesetting with XeLa
TeX and LuaLaTeX

(/usr/share/texlive/texmf-dist/tex/latex/etoolbox/etoolbox.sty
Package: etoolbox 2020/10/05 v2.5k e-TeX tools for LaTeX (JAW)
\etb@tempcnta=\count194
)
(/usr/share/texlive/texmf-dist/tex/latex/xkeyval/xkeyval.sty
Package: xkeyval 2022/06/16 v2.9 package option processing (HA)

(/usr/share/texlive/texmf-dist/tex/generic/xkeyval/xkeyval.tex
(/usr/share/texlive/texmf-dist/tex/generic/xkeyval/xkvutils.tex
\XKV@toks=\toks20
\XKV@tempa@toks=\toks21
)
\XKV@depth=\count195
File: xkeyval.tex 2014/12/03 v2.7a key=value parser (HA)
))
(/usr/share/texlive/texmf-dist/tex/latex/fontspec/fontspec.sty
(/usr/share/texlive/texmf-dist/tex/latex/l3packages/xparse/xparse.sty
(/usr/share/texlive/texmf-dist/tex/latex/l3kernel/expl3.sty
Package: expl3 2024-01-22 L3 programming layer (loader) 

(/usr/share/texlive/texmf-dist/tex/latex/l3backend/l3backend-xetex.def
File: l3backend-xetex.def 2024-01-04 L3 backend support: XeTeX
\g__graphics_track_int=\count196
\l__pdf_internal_box=\box51
\g__pdf_backend_object_int=\count197
\g__pdf_backend_annotation_int=\count198
\g__pdf_backend_link_int=\count199
))
Package: xparse 2023-10-10 L3 Experimental document command parser
)
Package: fontspec 2022/01/15 v2.8a Font selection for XeLaTeX and LuaLaTeX

(/usr/share/texlive/texmf-dist/tex/latex/fontspec/fontspec-xetex.sty
Package: fontspec-xetex 2022/01/15 v2.8a Font selection for XeLaTeX and LuaLaTe
X
\l__fontspec_script_int=\count266
\l__fontspec_language_int=\count267
\l__fontspec_strnum_int=\count268
\l__fontspec_tmp_int=\count269
\l__fontspec_tmpa_int=\count270
\l__fontspec_tmpb_int=\count271
\l__fontspec_tmpc_int=\count272
\l__fontspec_em_int=\count273
\l__fontspec_emdef_int=\count274
\l__fontspec_strong_int=\count275
\l__fontspec_strongdef_int=\count276
\l__fontspec_tmpa_dim=\dimen144
\l__fontspec_tmpb_dim=\dimen145
\l__fontspec_tmpc_dim=\dimen146

(/usr/share/texlive/texmf-dist/tex/latex/base/fontenc.sty
Package: fontenc 2021/04/29 v2.0v Standard LaTeX package
)
(/usr/share/texlive/texmf-dist/tex/latex/fontspec/fontspec.cfg)))
(/usr/share/texlive/texmf-dist/tex/generic/iftex/iftex.sty
Package: iftex 2022/02/03 v1.0f TeX engine tests
)
\xpg@normalclass=\XeTeXcharclass4

(/usr/share/texlive/texmf-dist/tex/latex/polyglossia/gloss-latex.lde
Package: gloss-latex 2023/12/11 v1.66 polyglossia: module for default language
)
Package polyglossia Info: Default language is latex.
)
(/usr/share/texlive/texmf-dist/tex/latex/polyglossia/gloss-english.ldf
File: gloss-english.ldf polyglossia: module for English
Package polyglossia Info: Option: English, variant=american.
)

Package fontspec Info: Font family 'NotoSerif(0)' created for font 'Noto
(fontspec)             Serif' with options [].
(fontspec)              
(fontspec)              This font family consists of the following NFSS
(fontspec)             series/shapes:
(fontspec)              
(fontspec)             - 'normal' (m/n) with NFSS spec.: <->"Noto
(fontspec)             Serif/OT:script=latn;language=dflt;"
(fontspec)             - 'small caps'  (m/sc) with NFSS spec.: <->"Noto
(fontspec)             Serif/OT:script=latn;language=dflt;+smcp;"
(fontspec)             - 'bold' (b/n) with NFSS spec.: <->"Noto
(fontspec)             Serif/B/OT:script=latn;language=dflt;"
(fontspec)             - 'bold small caps'  (b/sc) with NFSS spec.: <->"Noto
(fontspec)             Serif/B/OT:script=latn;language=dflt;+smcp;"
(fontspec)             - 'italic' (m/it) with NFSS spec.: <->"Noto
(fontspec)             Serif/I/OT:script=latn;language=dflt;"
(fontspec)             - 'italic small caps'  (m/scit) with NFSS spec.:
(fontspec)             <->"Noto Serif/I/OT:script=latn;language=dflt;+smcp;"
(fontspec)             - 'bold italic' (b/it) with NFSS spec.: <->"Noto
(fontspec)             Serif/BI/OT:script=latn;language=dflt;"
(fontspec)             - 'bold italic small caps'  (b/scit) with NFSS spec.:
(fontspec)             <->"Noto Serif/BI/OT:script=latn;language=dflt;+smcp;"

\@indexfile=\write3
\openout3 = `sumer-poly.idx'.


Writing index file sumer-poly.idx
(./sumer-poly.aux)
\openout1 = `sumer-poly.aux'.

LaTeX Font Info:    Checking defaults for OML/cmm/m/it on input line 30.
LaTeX Font Info:    ... okay on input line 30.
LaTeX Font Info:    Checking defaults for OMS/cmsy/m/n on input line 30.
LaTeX Font Info:    ... okay on input line 30.
LaTeX Font Info:    Checking defaults for OT1/cmr/m/n on input line 30.
LaTeX Font Info:    ... okay on input line 30.
LaTeX Font Info:    Checking defaults for T1/cmr/m/n on input line 30.
LaTeX Font Info:    ... okay on input line 30.
LaTeX Font Info:    Checking defaults for TS1/cmr/m/n on input line 30.
LaTeX Font Info:    Trying to load font information for TS1+cmr on input line 3
0.
 (/usr/share/texlive/texmf-dist/tex/latex/base/ts1cmr.fd
File: ts1cmr.fd 2023/04/13 v2.5m Standard LaTeX font definitions
)
LaTeX Font Info:    ... okay on input line 30.
LaTeX Font Info:    Checking defaults for TU/lmr/m/n on input line 30.
LaTeX Font Info:    ... okay on input line 30.
LaTeX Font Info:    Checking defaults for OMX/cmex/m/n on input line 30.
LaTeX Font Info:    ... okay on input line 30.
LaTeX Font Info:    Checking defaults for U/cmr/m/n on input line 30.
LaTeX Font Info:    ... okay on input line 30.
LaTeX Info: Redefining \rmfamily on input line 30.
LaTeX Info: Redefining \sffamily on input line 30.
LaTeX Info: Redefining \ttfamily on input line 30.

Package fontspec Info: Adjusting the maths setup (use [no-math] to avoid
(fontspec)             this).

\symlegacymaths=\mathgroup4
LaTeX Font Info:    Overwriting symbol font `legacymaths' in version `bold'
(Font)                  OT1/cmr/m/n --> OT1/cmr/bx/n on input line 30.
LaTeX Font Info:    Redeclaring math accent \acute on input line 30.
LaTeX Font Info:    Redeclaring math accent \grave on input line 30.
LaTeX Font Info:    Redeclaring math accent \ddot on input line 30.
LaTeX Font Info:    Redeclaring math accent \tilde on input line 30.
LaTeX Font Info:    Redeclaring math accent \bar on input line 30.
LaTeX Font Info:    Redeclaring math accent \breve on input line 30.
LaTeX Font Info:    Redeclaring math accent \check on input line 30.
LaTeX Font Info:    Redeclaring math accent \hat on input line 30.
LaTeX Font Info:    Redeclaring math accent \dot on input line 30.
LaTeX Font Info:    Redeclaring math accent \mathring on input line 30.
LaTeX Font Info:    Redeclaring math symbol \colon on input line 30.
LaTeX Font Info:    Redeclaring math symbol \Gamma on input line 30.
LaTeX Font Info:    Redeclaring math symbol \Delta on input line 30.
LaTeX Font Info:    Redeclaring math symbol \Theta on input line 30.
LaTeX Font Info:    Redeclaring math symbol \Lambda on input line 30.
LaTeX Font Info:    Redeclaring math symbol \Xi on input line 30.
LaTeX Font Info:    Redeclaring math symbol \Pi on input line 30.
LaTeX Font Info:    Redeclaring math symbol \Sigma on input line 30.
LaTeX Font Info:    Redeclaring math symbol \Upsilon on input line 30.
LaTeX Font Info:    Redeclaring math symbol \Phi on input line 30.
LaTeX Font Info:    Redeclaring math symbol \Psi on input line 30.
LaTeX Font Info:    Redeclaring math symbol \Omega on input line 30.
LaTeX Font Info:    Redeclaring math symbol \mathdollar on input line 30.
LaTeX Font Info:    Redeclaring symbol font `operators' on input line 30.
LaTeX Font Info:    Encoding `OT1' has changed to `TU' for symbol font
(Font)              `operators' in the math version `normal' on input line 30.
LaTeX Font Info:    Overwriting symbol font `operators' in version `normal'
(Font)                  OT1/cmr/m/n --> TU/lmr/m/n on input line 30.
LaTeX Font Info:    Encoding `OT1' has changed to `TU' for symbol font
(Font)              `operators' in the math version `bold' on input line 30.
LaTeX Font Info:    Overwriting symbol font `operators' in version `bold'
(Font)                  OT1/cmr/bx/n --> TU/lmr/m/n on input line 30.
LaTeX Font Info:    Overwriting symbol font `operators' in version `normal'
(Font)                  TU/lmr/m/n --> TU/lmr/m/n on input line 30.
LaTeX Font Info:    Overwriting math alphabet `\mathit' in version `normal'
(Font)                  OT1/cmr/m/it --> TU/lmr/m/it on input line 30.
LaTeX Font Info:    Overwriting math alphabet `\mathbf' in version `normal'
(Font)                  OT1/cmr/bx/n --> TU/lmr/b/n on input line 30.
LaTeX Font Info:    Overwriting math alphabet `\mathsf' in version `normal'
(Font)                  OT1/cmss/m/n --> TU/lmss/m/n on input line 30.
LaTeX Font Info:    Overwriting math alphabet `\mathtt' in version `normal'
(Font)                  OT1/cmtt/m/n --> TU/lmtt/m/n on input line 30.
LaTeX Font Info:    Overwriting symbol font `operators' in version `bold'
(Font)                  TU/lmr/m/n --> TU/lmr/b/n on input line 30.
LaTeX Font Info:    Overwriting math alphabet `\mathit' in version `bold'
(Font)                  OT1/cmr/bx/it --> TU/lmr/b/it on input line 30.
LaTeX Font Info:    Overwriting math alphabet `\mathsf' in version `bold'
(Font)                  OT1/cmss/bx/n --> TU/lmss/b/n on input line 30.
LaTeX Font Info:    Overwriting math alphabet `\mathtt' in version `bold'
(Font)                  OT1/cmtt/m/n --> TU/lmtt/b/n on input line 30.
LaTeX Info: Redefining \rmfamily on input line 30.
LaTeX Info: Redefining \sffamily on input line 30.
LaTeX Info: Redefining \ttfamily on input line 30.
LaTeX Font Info:    External font `cmex10' loaded for size
(Font)              <14.4> on input line 31.
LaTeX Font Info:    External font `cmex10' loaded for size
(Font)              <7> on input line 31.

[1


]
Chapter 1.

Package fontspec Info: Could not resolve font "Akkadian/BI" (it probably
(fontspec)             doesn't exist).


Package fontspec Info: Could not resolve font "Akkadian/B" (it probably
(fontspec)             doesn't exist).


Package fontspec Info: Could not resolve font "Akkadian/I" (it probably
(fontspec)             doesn't exist).


Package fontspec Info: Font family 'Akkadian(0)' created for font 'Akkadian'
(fontspec)             with options [Ligatures=TeX].
(fontspec)              
(fontspec)              This font family consists of the following NFSS
(fontspec)             series/shapes:
(fontspec)              
(fontspec)             - 'normal' (m/n) with NFSS spec.:
(fontspec)             <->"Akkadian/OT:script=latn;language=dflt;mapping=tex-te
xt;"
(fontspec)             - 'small caps'  (m/sc) with NFSS spec.: 

[1

]
LaTeX Info: Redefining \rmfamily on input line 134.
LaTeX Info: Redefining \sffamily on input line 134.
LaTeX Info: Redefining \ttfamily on input line 134.
LaTeX Info: Redefining \rmfamily on input line 134.
LaTeX Info: Redefining \sffamily on input line 134.
LaTeX Info: Redefining \ttfamily on input line 134.
 [2]
LaTeX Font Info:    External font `cmex10' loaded for size
(Font)              <12> on input line 171.
LaTeX Font Info:    External font `cmex10' loaded for size
(Font)              <8> on input line 171.
LaTeX Font Info:    External font `cmex10' loaded for size
(Font)              <6> on input line 171.

Underfull \hbox (badness 10000) in paragraph at lines 184--185

 []

LaTeX Info: Redefining \rmfamily on input line 210.
LaTeX Info: Redefining \sffamily on input line 210.
LaTeX Info: Redefining \ttfamily on input line 210.
LaTeX Info: Redefining \rmfamily on input line 210.
LaTeX Info: Redefining \sffamily on input line 210.
LaTeX Info: Redefining \ttfamily on input line 210.
[3]
Overfull \hbox (7.14563pt too wide) in paragraph at lines 211--217
[]\TU/lmr/m/n/12 Sumerian uses symbols, called determinatives, to make the mean
ing clearer.
 []


Underfull \hbox (badness 10000) in paragraph at lines 223--234

 []

LaTeX Info: Redefining \rmfamily on input line 270.
LaTeX Info: Redefining \sffamily on input line 270.
LaTeX Info: Redefining \ttfamily on input line 270.
LaTeX Info: Redefining \rmfamily on input line 270.
LaTeX Info: Redefining \sffamily on input line 270.
LaTeX Info: Redefining \ttfamily on input line 270.
[4]
Underfull \hbox (badness 10000) in paragraph at lines 328--333

 []


Underfull \vbox (badness 10000) has occurred while \output is active []

LaTeX Info: Redefining \rmfamily on input line 333.
LaTeX Info: Redefining \sffamily on input line 333.
LaTeX Info: Redefining \ttfamily on input line 333.
LaTeX Info: Redefining \rmfamily on input line 333.
LaTeX Info: Redefining \sffamily on input line 333.
LaTeX Info: Redefining \ttfamily on input line 333.
 [5]
Underfull \hbox (badness 10000) in paragraph at lines 351--354

 []


Underfull \hbox (badness 10000) in paragraph at lines 367--374

 []

LaTeX Info: Redefining \rmfamily on input line 397.
LaTeX Info: Redefining \sffamily on input line 397.
LaTeX Info: Redefining \ttfamily on input line 397.
LaTeX Info: Redefining \rmfamily on input line 397.
LaTeX Info: Redefining \sffamily on input line 397.
LaTeX Info: Redefining \ttfamily on input line 397.
[6]
LaTeX Info: Redefining \rmfamily on input line 448.
LaTeX Info: Redefining \sffamily on input line 448.
LaTeX Info: Redefining \ttfamily on input line 448.
LaTeX Info: Redefining \rmfamily on input line 448.
LaTeX Info: Redefining \sffamily on input line 448.
LaTeX Info: Redefining \ttfamily on input line 448.
 [7]
LaTeX Info: Redefining \rmfamily on input line 487.
LaTeX Info: Redefining \sffamily on input line 487.
LaTeX Info: Redefining \ttfamily on input line 487.
LaTeX Info: Redefining \rmfamily on input line 487.
LaTeX Info: Redefining \sffamily on input line 487.
LaTeX Info: Redefining \ttfamily on input line 487.
 [8]
LaTeX Info: Redefining \rmfamily on input line 521.
LaTeX Info: Redefining \sffamily on input line 521.
LaTeX Info: Redefining \ttfamily on input line 521.
LaTeX Info: Redefining \rmfamily on input line 521.
LaTeX Info: Redefining \sffamily on input line 521.
LaTeX Info: Redefining \ttfamily on input line 521.
 [9]
LaTeX Info: Redefining \rmfamily on input line 580.
LaTeX Info: Redefining \sffamily on input line 580.
LaTeX Info: Redefining \ttfamily on input line 580.
LaTeX Info: Redefining \rmfamily on input line 580.
LaTeX Info: Redefining \sffamily on input line 580.
LaTeX Info: Redefining \ttfamily on input line 580.
 [10]
Underfull \hbox (badness 10000) in paragraph at lines 616--620

 []


Underfull \hbox (badness 10000) in paragraph at lines 621--625

 []

LaTeX Info: Redefining \rmfamily on input line 625.
LaTeX Info: Redefining \sffamily on input line 625.
LaTeX Info: Redefining \ttfamily on input line 625.
LaTeX Info: Redefining \rmfamily on input line 625.
LaTeX Info: Redefining \sffamily on input line 625.
LaTeX Info: Redefining \ttfamily on input line 625.
[11]
Underfull \hbox (badness 10000) in paragraph at lines 629--637

 []


Underfull \hbox (badness 10000) in paragraph at lines 638--669

 []


Underfull \hbox (badness 10000) in paragraph at lines 673--676

 []


Underfull \vbox (badness 10000) has occurred while \output is active []

LaTeX Info: Redefining \rmfamily on input line 676.
LaTeX Info: Redefining \sffamily on input line 676.
LaTeX Info: Redefining \ttfamily on input line 676.
LaTeX Info: Redefining \rmfamily on input line 676.
LaTeX Info: Redefining \sffamily on input line 676.
LaTeX Info: Redefining \ttfamily on input line 676.
 [12]
Underfull \hbox (badness 10000) in paragraph at lines 677--688

 []


Underfull \hbox (badness 10000) in paragraph at lines 690--709

 []


Underfull \hbox (badness 10000) in paragraph at lines 711--716

 []

LaTeX Info: Redefining \rmfamily on input line 722.
LaTeX Info: Redefining \sffamily on input line 722.
LaTeX Info: Redefining \ttfamily on input line 722.
LaTeX Info: Redefining \rmfamily on input line 722.
LaTeX Info: Redefining \sffamily on input line 722.
LaTeX Info: Redefining \ttfamily on input line 722.
[13]
LaTeX Info: Redefining \rmfamily on input line 761.
LaTeX Info: Redefining \sffamily on input line 761.
LaTeX Info: Redefining \ttfamily on input line 761.
LaTeX Info: Redefining \rmfamily on input line 761.
LaTeX Info: Redefining \sffamily on input line 761.
LaTeX Info: Redefining \ttfamily on input line 761.
 [14]
Underfull \hbox (badness 10000) in paragraph at lines 778--781

 []

LaTeX Info: Redefining \rmfamily on input line 793.
LaTeX Info: Redefining \sffamily on input line 793.
LaTeX Info: Redefining \ttfamily on input line 793.
LaTeX Info: Redefining \rmfamily on input line 793.
LaTeX Info: Redefining \sffamily on input line 793.
LaTeX Info: Redefining \ttfamily on input line 793.
[15]
Underfull \hbox (badness 10000) in paragraph at lines 800--804

 []


Underfull \hbox (badness 10000) in paragraph at lines 811--814

 []


Underfull \hbox (badness 10000) in paragraph at lines 815--826

 []


Underfull \hbox (badness 10000) in paragraph at lines 827--831

 []


Underfull \hbox (badness 10000) in paragraph at lines 832--835

 []


Underfull \hbox (badness 10000) in paragraph at lines 836--839

 []


Underfull \hbox (badness 10000) in paragraph at lines 840--851

 []

LaTeX Info: Redefining \rmfamily on input line 851.
LaTeX Info: Redefining \sffamily on input line 851.
LaTeX Info: Redefining \ttfamily on input line 851.
LaTeX Info: Redefining \rmfamily on input line 851.
LaTeX Info: Redefining \sffamily on input line 851.
LaTeX Info: Redefining \ttfamily on input line 851.
[16]
LaTeX Info: Redefining \rmfamily on input line 852.
LaTeX Info: Redefining \sffamily on input line 852.
LaTeX Info: Redefining \ttfamily on input line 852.
LaTeX Info: Redefining \rmfamily on input line 852.
LaTeX Info: Redefining \sffamily on input line 852.
LaTeX Info: Redefining \ttfamily on input line 852.
 [17]
LaTeX Info: Redefining \rmfamily on input line 852.
LaTeX Info: Redefining \sffamily on input line 852.
LaTeX Info: Redefining \ttfamily on input line 852.
LaTeX Info: Redefining \rmfamily on input line 852.
LaTeX Info: Redefining \sffamily on input line 852.
LaTeX Info: Redefining \ttfamily on input line 852.
 [18

]
Chapter 2.

Overfull \hbox (42.59988pt too wide) in paragraph at lines 884--884
[]\TU/lmtt/m/n/12 5-   [lugal ki-en-gi ki uri].{k}].{e}  -- the king of Sumer a
nd Akkad,[] 
 []

[19]
Underfull \hbox (badness 10000) in paragraph at lines 900--912

 []


Underfull \hbox (badness 10000) in paragraph at lines 913--916

 []


Underfull \hbox (badness 10000) in paragraph at lines 917--932

 []


Underfull \hbox (badness 10000) in paragraph at lines 933--941

 []


Underfull \hbox (badness 10000) in paragraph at lines 942--943

 []

LaTeX Info: Redefining \rmfamily on input line 944.
LaTeX Info: Redefining \sffamily on input line 944.
LaTeX Info: Redefining \ttfamily on input line 944.
LaTeX Info: Redefining \rmfamily on input line 944.
LaTeX Info: Redefining \sffamily on input line 944.
LaTeX Info: Redefining \ttfamily on input line 944.
[20]
Underfull \hbox (badness 10000) in paragraph at lines 944--953

 []


Underfull \hbox (badness 10000) in paragraph at lines 962--974

 []

LaTeX Info: Redefining \rmfamily on input line 1021.
LaTeX Info: Redefining \sffamily on input line 1021.
LaTeX Info: Redefining \ttfamily on input line 1021.
LaTeX Info: Redefining \rmfamily on input line 1021.
LaTeX Info: Redefining \sffamily on input line 1021.
LaTeX Info: Redefining \ttfamily on input line 1021.
[21]
LaTeX Info: Redefining \rmfamily on input line 1023.
LaTeX Info: Redefining \sffamily on input line 1023.
LaTeX Info: Redefining \ttfamily on input line 1023.
LaTeX Info: Redefining \rmfamily on input line 1023.
LaTeX Info: Redefining \sffamily on input line 1023.
LaTeX Info: Redefining \ttfamily on input line 1023.
 [22]
LaTeX Info: Redefining \rmfamily on input line 1067.
LaTeX Info: Redefining \sffamily on input line 1067.
LaTeX Info: Redefining \ttfamily on input line 1067.
LaTeX Info: Redefining \rmfamily on input line 1067.
LaTeX Info: Redefining \sffamily on input line 1067.
LaTeX Info: Redefining \ttfamily on input line 1067.
 [23]
Underfull \hbox (badness 10000) in paragraph at lines 1086--1087

 []


Underfull \hbox (badness 10000) in paragraph at lines 1089--1091

 []

LaTeX Info: Redefining \rmfamily on input line 1112.
LaTeX Info: Redefining \sffamily on input line 1112.
LaTeX Info: Redefining \ttfamily on input line 1112.
LaTeX Info: Redefining \rmfamily on input line 1112.
LaTeX Info: Redefining \sffamily on input line 1112.
LaTeX Info: Redefining \ttfamily on input line 1112.
[24]
Underfull \hbox (badness 10000) in paragraph at lines 1113--1116

 []


Underfull \hbox (badness 10000) in paragraph at lines 1149--1153

 []

LaTeX Info: Redefining \rmfamily on input line 1160.
LaTeX Info: Redefining \sffamily on input line 1160.
LaTeX Info: Redefining \ttfamily on input line 1160.
LaTeX Info: Redefining \rmfamily on input line 1160.
LaTeX Info: Redefining \sffamily on input line 1160.
LaTeX Info: Redefining \ttfamily on input line 1160.
[25]
Underfull \hbox (badness 10000) in paragraph at lines 1161--1164

 []


Underfull \hbox (badness 10000) in paragraph at lines 1165--1170

 []


Underfull \hbox (badness 10000) in paragraph at lines 1171--1174

 []


Underfull \hbox (badness 10000) in paragraph at lines 1175--1180

 []


Underfull \hbox (badness 10000) in paragraph at lines 1181--1186

 []


Underfull \hbox (badness 10000) in paragraph at lines 1187--1192

 []


Underfull \hbox (badness 10000) in paragraph at lines 1193--1198

 []


Underfull \hbox (badness 10000) in paragraph at lines 1199--1205

 []

LaTeX Info: Redefining \rmfamily on input line 1205.
LaTeX Info: Redefining \sffamily on input line 1205.
LaTeX Info: Redefining \ttfamily on input line 1205.
LaTeX Info: Redefining \rmfamily on input line 1205.
LaTeX Info: Redefining \sffamily on input line 1205.
LaTeX Info: Redefining \ttfamily on input line 1205.
[26]
Underfull \hbox (badness 10000) in paragraph at lines 1212--1217

 []


Underfull \hbox (badness 10000) in paragraph at lines 1224--1228

 []


Underfull \hbox (badness 10000) in paragraph at lines 1229--1233

 []


Underfull \hbox (badness 10000) in paragraph at lines 1234--1238

 []


Underfull \hbox (badness 10000) in paragraph at lines 1239--1242

 []


Underfull \hbox (badness 10000) in paragraph at lines 1245--1248

 []


Underfull \vbox (badness 4699) has occurred while \output is active []

LaTeX Info: Redefining \rmfamily on input line 1248.
LaTeX Info: Redefining \sffamily on input line 1248.
LaTeX Info: Redefining \ttfamily on input line 1248.
LaTeX Info: Redefining \rmfamily on input line 1248.
LaTeX Info: Redefining \sffamily on input line 1248.
LaTeX Info: Redefining \ttfamily on input line 1248.
 [27]
Underfull \hbox (badness 10000) in paragraph at lines 1255--1258

 []


Underfull \hbox (badness 10000) in paragraph at lines 1265--1268

 []


Underfull \hbox (badness 10000) in paragraph at lines 1275--1278

 []

LaTeX Info: Redefining \rmfamily on input line 1283.
LaTeX Info: Redefining \sffamily on input line 1283.
LaTeX Info: Redefining \ttfamily on input line 1283.
LaTeX Info: Redefining \rmfamily on input line 1283.
LaTeX Info: Redefining \sffamily on input line 1283.
LaTeX Info: Redefining \ttfamily on input line 1283.
[28]
Underfull \hbox (badness 10000) in paragraph at lines 1285--1288

 []


Underfull \hbox (badness 10000) in paragraph at lines 1295--1298

 []


Underfull \hbox (badness 10000) in paragraph at lines 1299--1303

 []


Underfull \hbox (badness 10000) in paragraph at lines 1315--1318

 []

LaTeX Info: Redefining \rmfamily on input line 1324.
LaTeX Info: Redefining \sffamily on input line 1324.
LaTeX Info: Redefining \ttfamily on input line 1324.
LaTeX Info: Redefining \rmfamily on input line 1324.
LaTeX Info: Redefining \sffamily on input line 1324.
LaTeX Info: Redefining \ttfamily on input line 1324.
[29]
LaTeX Info: Redefining \rmfamily on input line 1356.
LaTeX Info: Redefining \sffamily on input line 1356.
LaTeX Info: Redefining \ttfamily on input line 1356.
LaTeX Info: Redefining \rmfamily on input line 1356.
LaTeX Info: Redefining \sffamily on input line 1356.
LaTeX Info: Redefining \ttfamily on input line 1356.
 [30]
Chapter 3.

Overfull \hbox (36.4079pt too wide) in paragraph at lines 1390--1390
[]\TU/lmtt/m/n/12 6-   [lugal ki-en-gi ki uri].{k}].{e} -- the king of Sumer an
d Akkad,[] 
 []


Overfull \hbox (17.87985pt too wide) in paragraph at lines 1390--1390
[]\TU/lmtt/m/n/12 7- [nam til3 a ni].{she3} #goal       -- for the sake of his 
life,[] 
 []


Overfull \hbox (11.69972pt too wide) in paragraph at lines 1390--1390
[]\TU/lmtt/m/n/12 8- a mu na ru                         -- dedicated (this vess
el).[] 
 []


Underfull \hbox (badness 10000) in paragraph at lines 1393--1397

 []

[31

]
Overfull \hbox (34.29384pt too wide) in paragraph at lines 1423--1430
[] 
 []

LaTeX Info: Redefining \rmfamily on input line 1463.
LaTeX Info: Redefining \sffamily on input line 1463.
LaTeX Info: Redefining \ttfamily on input line 1463.
LaTeX Info: Redefining \rmfamily on input line 1463.
LaTeX Info: Redefining \sffamily on input line 1463.
LaTeX Info: Redefining \ttfamily on input line 1463.
[32]
Underfull \vbox (badness 10000) has occurred while \output is active []

LaTeX Info: Redefining \rmfamily on input line 1521.
LaTeX Info: Redefining \sffamily on input line 1521.
LaTeX Info: Redefining \ttfamily on input line 1521.
LaTeX Info: Redefining \rmfamily on input line 1521.
LaTeX Info: Redefining \sffamily on input line 1521.
LaTeX Info: Redefining \ttfamily on input line 1521.
 [33]
LaTeX Info: Redefining \rmfamily on input line 1544.
LaTeX Info: Redefining \sffamily on input line 1544.
LaTeX Info: Redefining \ttfamily on input line 1544.
LaTeX Info: Redefining \rmfamily on input line 1544.
LaTeX Info: Redefining \sffamily on input line 1544.
LaTeX Info: Redefining \ttfamily on input line 1544.

[34] (./sumer-poly.aux)
 ***********
LaTeX2e <2023-11-01> patch level 1
L3 programming layer <2024-01-22>
 ***********
 ) 
Here is how much of TeX's memory you used:
 6140 strings out of 476878
 160220 string characters out of 5805250
 1930627 words of memory out of 5000000
 27962 multiletter control sequences out of 15000+600000
 565021 words of font info for 87 fonts, out of 8000000 for 9000
 14 hyphenation exceptions out of 8191
 93i,8n,107p,302b,368s stack positions out of 10000i,1000n,20000p,200000b,200000s

Output written on sumer-poly.pdf (35 pages).
