This is XeTeX, Version 3.141592653-2.6-0.999996 (TeX Live 2024) (preloaded format=xelatex 2024.9.1)  5 SEP 2024 14:07
entering extended mode
 restricted \write18 enabled.
 %&-line parsing enabled.
**sumer-noto.tex
(/usr/local/texlive/2024/texmf-dist/tex/latex/tools/x.tex
! Interruption.
<to be read again> 
                   \immediate 
l.1 
    %%
? x
 
Here is how much of TeX's memory you used:
 6 strings out of 474235
 179 string characters out of 5742254
 1918609 words of memory out of 5000000
 22796 multiletter control sequences out of 15000+600000
 558069 words of font info for 36 fonts, out of 8000000 for 9000
 1348 hyphenation exceptions out of 8191
 4i,0n,0p,21b,6s stack positions out of 10000i,1000n,20000p,200000b,200000s
No pages of output.
