This is XeTeX, Version 3.141592653-2.6-0.999996 (TeX Live 2024) (preloaded format=xelatex 2024.9.1)  5 SEP 2024 15:13
entering extended mode
 restricted \write18 enabled.
 %&-line parsing enabled.
**sumer-noto.tex
(./sumer-noto.tex
LaTeX2e <2024-06-01> patch level 2
L3 programming layer <2024-08-16>
(/usr/local/texlive/2024/texmf-dist/tex/latex/base/book.cls
Document Class: book 2024/02/08 v1.4n Standard LaTeX document class
(/usr/local/texlive/2024/texmf-dist/tex/latex/base/bk12.clo
File: bk12.clo 2024/02/08 v1.4n Standard LaTeX file (size option)
)
\c@part=\count190
\c@chapter=\count191
\c@section=\count192
\c@subsection=\count193
\c@subsubsection=\count194
\c@paragraph=\count195
\c@subparagraph=\count196
\c@figure=\count197
\c@table=\count198
\abovecaptionskip=\skip49
\belowcaptionskip=\skip50
\bibindent=\dimen141
)
(/usr/local/texlive/2024/texmf-dist/tex/generic/babel/babel.sty
Package: babel 2024/08/29 v24.9 The Babel package
\babel@savecnt=\count199
\U@D=\dimen142
\l@unhyphenated=\language89

(/usr/local/texlive/2024/texmf-dist/tex/generic/babel/xebabel.def)
\bbl@readstream=\read2
\bbl@dirlevel=\count266

(/usr/local/texlive/2024/texmf-dist/tex/generic/babel-english/english.ldf
Language: english 2017/06/06 v3.3r English support from the babel system
Package babel Info: Hyphen rules for 'canadian' set to \l@english
(babel)             (\language0). Reported on input line 102.
Package babel Info: Hyphen rules for 'australian' set to \l@ukenglish
(babel)             (\language23). Reported on input line 105.
Package babel Info: Hyphen rules for 'newzealand' set to \l@ukenglish
(babel)             (\language23). Reported on input line 108.
))
(/usr/local/texlive/2024/texmf-dist/tex/generic/babel/locale/en/babel-english.t
ex
Package babel Info: Importing font and identification data for english
(babel)             from babel-en.ini. Reported on input line 11.
) (/usr/local/texlive/2024/texmf-dist/tex/latex/base/inputenc.sty
Package: inputenc 2024/02/08 v1.3d Input encoding file
\inpenc@prehook=\toks17
\inpenc@posthook=\toks18


Package inputenc Warning: inputenc package ignored with utf8 based engines.

) (/usr/local/texlive/2024/texmf-dist/tex/latex/graphics/graphicx.sty
Package: graphicx 2021/09/16 v1.2d Enhanced LaTeX Graphics (DPC,SPQR)

(/usr/local/texlive/2024/texmf-dist/tex/latex/graphics/keyval.sty
Package: keyval 2022/05/29 v1.15 key=value parser (DPC)
\KV@toks@=\toks19
)
(/usr/local/texlive/2024/texmf-dist/tex/latex/graphics/graphics.sty
Package: graphics 2024/05/23 v1.4g Standard LaTeX Graphics (DPC,SPQR)

(/usr/local/texlive/2024/texmf-dist/tex/latex/graphics/trig.sty
Package: trig 2023/12/02 v1.11 sin cos tan (DPC)
)
(/usr/local/texlive/2024/texmf-dist/tex/latex/graphics-cfg/graphics.cfg
File: graphics.cfg 2016/06/04 v1.11 sample graphics configuration
)
Package graphics Info: Driver file: xetex.def on input line 106.

(/usr/local/texlive/2024/texmf-dist/tex/latex/graphics-def/xetex.def
File: xetex.def 2022/09/22 v5.0n Graphics/color driver for xetex
))
\Gin@req@height=\dimen143
\Gin@req@width=\dimen144
)
(/usr/local/texlive/2024/texmf-dist/tex/latex/base/fontenc.sty
Package: fontenc 2021/04/29 v2.0v Standard LaTeX package
LaTeX Font Info:    Trying to load font information for T1+lmr on input line 11
6.

(/usr/local/texlive/2024/texmf-dist/tex/latex/lm/t1lmr.fd
File: t1lmr.fd 2015/05/01 v1.6.1 Font defs for Latin Modern
))
(/usr/local/texlive/2024/texmf-dist/tex/latex/upquote/upquote.sty
Package: upquote 2012/04/19 v1.3 upright-quote and grave-accent glyphs in verba
tim

(/usr/local/texlive/2024/texmf-dist/tex/latex/base/textcomp.sty
Package: textcomp 2024/04/24 v2.1b Standard LaTeX package
))
(/usr/local/texlive/2024/texmf-dist/tex/latex/base/makeidx.sty
Package: makeidx 2021/10/04 v1.0m Standard LaTeX package
)
(/usr/local/texlive/2024/texmf-dist/tex/latex/fontspec/fontspec.sty
(/usr/local/texlive/2024/texmf-dist/tex/latex/l3packages/xparse/xparse.sty
(/usr/local/texlive/2024/texmf-dist/tex/latex/l3kernel/expl3.sty
Package: expl3 2024-08-16 L3 programming layer (loader) 

(/usr/local/texlive/2024/texmf-dist/tex/latex/l3backend/l3backend-xetex.def
File: l3backend-xetex.def 2024-05-08 L3 backend support: XeTeX
\g__graphics_track_int=\count267
\l__pdf_internal_box=\box52
\g__pdf_backend_annotation_int=\count268
\g__pdf_backend_link_int=\count269
))
Package: xparse 2024-08-16 L3 Experimental document command parser
)
Package: fontspec 2024/05/11 v2.9e Font selection for XeLaTeX and LuaLaTeX

(/usr/local/texlive/2024/texmf-dist/tex/latex/fontspec/fontspec-xetex.sty
Package: fontspec-xetex 2024/05/11 v2.9e Font selection for XeLaTeX and LuaLaTe
X
\l__fontspec_script_int=\count270
\l__fontspec_language_int=\count271
\l__fontspec_strnum_int=\count272
\l__fontspec_tmp_int=\count273
\l__fontspec_tmpa_int=\count274
\l__fontspec_tmpb_int=\count275
\l__fontspec_tmpc_int=\count276
\l__fontspec_em_int=\count277
\l__fontspec_emdef_int=\count278
\l__fontspec_strong_int=\count279
\l__fontspec_strongdef_int=\count280
\l__fontspec_tmpa_dim=\dimen145
\l__fontspec_tmpb_dim=\dimen146
\l__fontspec_tmpc_dim=\dimen147

(/usr/local/texlive/2024/texmf-dist/tex/latex/base/fontenc.sty
Package: fontenc 2021/04/29 v2.0v Standard LaTeX package
)
(/usr/local/texlive/2024/texmf-dist/tex/latex/fontspec/fontspec.cfg)))
(/usr/local/texlive/2024/texmf-dist/tex/latex/setspace/setspace.sty
Package: setspace 2022/12/04 v6.7b set line spacing
)
\@indexfile=\write3
\openout3 = `sumer-noto.idx'.


Writing index file sumer-noto.idx
(./sumer-noto.aux)
\openout1 = `sumer-noto.aux'.

LaTeX Font Info:    Checking defaults for OML/cmm/m/it on input line 32.
LaTeX Font Info:    ... okay on input line 32.
LaTeX Font Info:    Checking defaults for OMS/cmsy/m/n on input line 32.
LaTeX Font Info:    ... okay on input line 32.
LaTeX Font Info:    Checking defaults for OT1/cmr/m/n on input line 32.
LaTeX Font Info:    ... okay on input line 32.
LaTeX Font Info:    Checking defaults for T1/cmr/m/n on input line 32.
LaTeX Font Info:    ... okay on input line 32.
LaTeX Font Info:    Checking defaults for TS1/cmr/m/n on input line 32.
LaTeX Font Info:    Trying to load font information for TS1+cmr on input line 3
2.
 (/usr/local/texlive/2024/texmf-dist/tex/latex/base/ts1cmr.fd
File: ts1cmr.fd 2023/04/13 v2.5m Standard LaTeX font definitions
)
LaTeX Font Info:    ... okay on input line 32.
LaTeX Font Info:    Checking defaults for TU/lmr/m/n on input line 32.
LaTeX Font Info:    ... okay on input line 32.
LaTeX Font Info:    Checking defaults for OMX/cmex/m/n on input line 32.
LaTeX Font Info:    ... okay on input line 32.
LaTeX Font Info:    Checking defaults for U/cmr/m/n on input line 32.
LaTeX Font Info:    ... okay on input line 32.

Package fontspec Info: 
(fontspec)             Adjusting the maths setup (use [no-math] to avoid
(fontspec)             this).

\symlegacymaths=\mathgroup4
LaTeX Font Info:    Overwriting symbol font `legacymaths' in version `bold'
(Font)                  OT1/cmr/m/n --> OT1/cmr/bx/n on input line 32.
LaTeX Font Info:    Redeclaring math accent \acute on input line 32.
LaTeX Font Info:    Redeclaring math accent \grave on input line 32.
LaTeX Font Info:    Redeclaring math accent \ddot on input line 32.
LaTeX Font Info:    Redeclaring math accent \tilde on input line 32.
LaTeX Font Info:    Redeclaring math accent \bar on input line 32.
LaTeX Font Info:    Redeclaring math accent \breve on input line 32.
LaTeX Font Info:    Redeclaring math accent \check on input line 32.
LaTeX Font Info:    Redeclaring math accent \hat on input line 32.
LaTeX Font Info:    Redeclaring math accent \dot on input line 32.
LaTeX Font Info:    Redeclaring math accent \mathring on input line 32.
LaTeX Font Info:    Redeclaring math symbol \colon on input line 32.
LaTeX Font Info:    Redeclaring math symbol \Gamma on input line 32.
LaTeX Font Info:    Redeclaring math symbol \Delta on input line 32.
LaTeX Font Info:    Redeclaring math symbol \Theta on input line 32.
LaTeX Font Info:    Redeclaring math symbol \Lambda on input line 32.
LaTeX Font Info:    Redeclaring math symbol \Xi on input line 32.
LaTeX Font Info:    Redeclaring math symbol \Pi on input line 32.
LaTeX Font Info:    Redeclaring math symbol \Sigma on input line 32.
LaTeX Font Info:    Redeclaring math symbol \Upsilon on input line 32.
LaTeX Font Info:    Redeclaring math symbol \Phi on input line 32.
LaTeX Font Info:    Redeclaring math symbol \Psi on input line 32.
LaTeX Font Info:    Redeclaring math symbol \Omega on input line 32.
LaTeX Font Info:    Redeclaring math symbol \mathdollar on input line 32.
LaTeX Font Info:    Redeclaring symbol font `operators' on input line 32.
LaTeX Font Info:    Encoding `OT1' has changed to `TU' for symbol font
(Font)              `operators' in the math version `normal' on input line 32.
LaTeX Font Info:    Overwriting symbol font `operators' in version `normal'
(Font)                  OT1/cmr/m/n --> TU/lmr/m/n on input line 32.
LaTeX Font Info:    Encoding `OT1' has changed to `TU' for symbol font
(Font)              `operators' in the math version `bold' on input line 32.
LaTeX Font Info:    Overwriting symbol font `operators' in version `bold'
(Font)                  OT1/cmr/bx/n --> TU/lmr/m/n on input line 32.
LaTeX Font Info:    Overwriting symbol font `operators' in version `normal'
(Font)                  TU/lmr/m/n --> TU/lmr/m/n on input line 32.
LaTeX Font Info:    Overwriting math alphabet `\mathit' in version `normal'
(Font)                  OT1/cmr/m/it --> TU/lmr/m/it on input line 32.
LaTeX Font Info:    Overwriting math alphabet `\mathbf' in version `normal'
(Font)                  OT1/cmr/bx/n --> TU/lmr/b/n on input line 32.
LaTeX Font Info:    Overwriting math alphabet `\mathsf' in version `normal'
(Font)                  OT1/cmss/m/n --> TU/lmss/m/n on input line 32.
LaTeX Font Info:    Overwriting math alphabet `\mathtt' in version `normal'
(Font)                  OT1/cmtt/m/n --> TU/lmtt/m/n on input line 32.
LaTeX Font Info:    Overwriting symbol font `operators' in version `bold'
(Font)                  TU/lmr/m/n --> TU/lmr/b/n on input line 32.
LaTeX Font Info:    Overwriting math alphabet `\mathit' in version `bold'
(Font)                  OT1/cmr/bx/it --> TU/lmr/b/it on input line 32.
LaTeX Font Info:    Overwriting math alphabet `\mathsf' in version `bold'
(Font)                  OT1/cmss/bx/n --> TU/lmss/b/n on input line 32.
LaTeX Font Info:    Overwriting math alphabet `\mathtt' in version `bold'
(Font)                  OT1/cmtt/m/n --> TU/lmtt/b/n on input line 32.
LaTeX Font Info:    External font `cmex10' loaded for size
(Font)              <14.4> on input line 33.
LaTeX Font Info:    External font `cmex10' loaded for size
(Font)              <7> on input line 33.


[1


]
Chapter 1.

Package fontspec Info: 
(fontspec)             Font family 'NotoSansCuneiform-Regular(0)' created for
(fontspec)             font 'NotoSansCuneiform-Regular' with options
(fontspec)             [Ligatures=TeX,Extension=.ttf].
(fontspec)              
(fontspec)              This font family consists of the following NFSS
(fontspec)             series/shapes:
(fontspec)              
(fontspec)             - 'normal' (m/n) with NFSS spec.:
(fontspec)             <->"[NotoSansCuneiform-Regular.ttf]/OT:script=latn;langu
age=dflt;mapping=tex-text;"



[1

]

[2]
LaTeX Font Info:    External font `cmex10' loaded for size
(Font)              <12> on input line 183.
LaTeX Font Info:    External font `cmex10' loaded for size
(Font)              <8> on input line 183.
LaTeX Font Info:    External font `cmex10' loaded for size
(Font)              <6> on input line 183.

Underfull \hbox (badness 10000) in paragraph at lines 196--197

 []



[3]
Overfull \hbox (7.14563pt too wide) in paragraph at lines 223--229
[]\TU/lmr/m/n/12 Sumerian uses symbols, called determinatives, to make the mean
ing clearer.
 []


Underfull \hbox (badness 10000) in paragraph at lines 235--246

 []



[4]

[5]
Underfull \hbox (badness 10000) in paragraph at lines 342--347

 []


Underfull \hbox (badness 10000) in paragraph at lines 365--368

 []


Underfull \hbox (badness 10000) in paragraph at lines 381--388

 []



[6]

[7]
Underfull \hbox (badness 10000) in paragraph at lines 475--482

 []


Underfull \hbox (badness 10000) in paragraph at lines 483--486

 []


Underfull \hbox (badness 10000) in paragraph at lines 501--507

 []



[8]

[9

]

[10]

[11]

[12]
Underfull \hbox (badness 10000) in paragraph at lines 720--724

 []


Underfull \hbox (badness 10000) in paragraph at lines 734--742

 []



[13]
Underfull \hbox (badness 10000) in paragraph at lines 754--776

 []



[14]
Underfull \hbox (badness 10000) in paragraph at lines 780--783

 []


Underfull \hbox (badness 10000) in paragraph at lines 789--800

 []


Underfull \hbox (badness 10000) in paragraph at lines 802--821

 []



[15]
Underfull \hbox (badness 10000) in paragraph at lines 831--841

 []


Underfull \hbox (badness 10000) in paragraph at lines 843--847

 []


Underfull \hbox (badness 10000) in paragraph at lines 849--853

 []


Underfull \hbox (badness 10000) in paragraph at lines 855--859

 []



[16]

[17]
Underfull \hbox (badness 10000) in paragraph at lines 942--945

 []


Underfull \hbox (badness 10000) in paragraph at lines 947--958

 []


Underfull \hbox (badness 10000) in paragraph at lines 959--963

 []


Underfull \hbox (badness 10000) in paragraph at lines 964--967

 []


Underfull \hbox (badness 10000) in paragraph at lines 968--971

 []



[18]
Chapter 2.

Overfull \hbox (42.59988pt too wide) in paragraph at lines 1013--1013
[]\TU/lmtt/m/n/12 5-   [lugal ki-en-gi ki uri].{k}].{e}  -- the king of Sumer a
nd Akkad,[] 
 []



[19

]
Underfull \hbox (badness 10000) in paragraph at lines 1045--1048

 []



[20]
Underfull \hbox (badness 10000) in paragraph at lines 1079--1088

 []


Underfull \hbox (badness 10000) in paragraph at lines 1097--1109

 []



[21]

[22

]
Underfull \hbox (badness 10000) in paragraph at lines 1183--1186

 []


Underfull \hbox (badness 10000) in paragraph at lines 1202--1205

 []



[23]
Underfull \hbox (badness 10000) in paragraph at lines 1231--1235

 []



[24]
Underfull \hbox (badness 10000) in paragraph at lines 1303--1307

 []



[25]
Underfull \hbox (badness 10000) in paragraph at lines 1317--1320

 []


Underfull \hbox (badness 10000) in paragraph at lines 1328--1331

 []


Underfull \hbox (badness 10000) in paragraph at lines 1332--1337

 []


Underfull \hbox (badness 10000) in paragraph at lines 1338--1343

 []



[26]
Underfull \hbox (badness 10000) in paragraph at lines 1359--1364

 []



[27]
Underfull \hbox (badness 10000) in paragraph at lines 1405--1408

 []


Underfull \hbox (badness 10000) in paragraph at lines 1416--1419

 []



[28]
Underfull \hbox (badness 10000) in paragraph at lines 1427--1430

 []


Underfull \hbox (badness 10000) in paragraph at lines 1437--1440

 []


Underfull \hbox (badness 10000) in paragraph at lines 1447--1450

 []



[29]
Underfull \hbox (badness 10000) in paragraph at lines 1458--1461

 []


Underfull \hbox (badness 10000) in paragraph at lines 1462--1466

 []



[30]

[31]

[32

]
Chapter 3.

Overfull \hbox (36.4079pt too wide) in paragraph at lines 1551--1551
[]\TU/lmtt/m/n/12 6-   [lugal ki-en-gi ki uri].{k}].{e} -- the king of Sumer an
d Akkad,[] 
 []


Overfull \hbox (17.87985pt too wide) in paragraph at lines 1551--1551
[]\TU/lmtt/m/n/12 7- [nam til3 a ni].{she3} #goal       -- for the sake of his 
life,[] 
 []


Overfull \hbox (11.69972pt too wide) in paragraph at lines 1551--1551
[]\TU/lmtt/m/n/12 8- a mu na ru                         -- dedicated (this vess
el).[] 
 []



[33]
Underfull \hbox (badness 10000) in paragraph at lines 1555--1559

 []


Overfull \hbox (23.6401pt too wide) in paragraph at lines 1587--1596
[]
 []



[34]

[35]

[36]
Underfull \hbox (badness 10000) in paragraph at lines 1733--1739

 []



[37

]
Underfull \hbox (badness 10000) in paragraph at lines 1757--1759

 []


Underfull \hbox (badness 10000) in paragraph at lines 1760--1773

 []


Underfull \hbox (badness 10000) in paragraph at lines 1774--1779

 []



[38]
Underfull \hbox (badness 10000) in paragraph at lines 1797--1799

 []


Underfull \hbox (badness 10000) in paragraph at lines 1814--1818

 []


Underfull \hbox (badness 10000) in paragraph at lines 1819--1823

 []



[39]
Underfull \hbox (badness 10000) in paragraph at lines 1832--1836

 []


Overfull \hbox (42.81595pt too wide) in paragraph at lines 1837--1851
[]
 []



[40]
Underfull \hbox (badness 10000) in paragraph at lines 1892--1898

 []

Missing character: There is no 𒍢 (U+12362) in font [lmroman12-regular]:mapping=
tex-text;!

Underfull \hbox (badness 10000) in paragraph at lines 1908--1919

 []


Underfull \hbox (badness 10000) in paragraph at lines 1921--1926

 []



[41]
Underfull \hbox (badness 10000) in paragraph at lines 1927--1932

 []


Underfull \hbox (badness 10000) in paragraph at lines 1938--1939

 []


Underfull \hbox (badness 10000) in paragraph at lines 1941--1946

 []


Underfull \hbox (badness 10000) in paragraph at lines 1952--1956

 []



[42]
Underfull \hbox (badness 10000) in paragraph at lines 1964--1968

 []


Underfull \hbox (badness 10000) in paragraph at lines 1986--1993

 []


Underfull \hbox (badness 10000) in paragraph at lines 1994--1999

 []



[43]
Underfull \hbox (badness 10000) in paragraph at lines 2007--2011

 []



[44]
Chapter 4.


[45

]
Overfull \hbox (11.69987pt too wide) in paragraph at lines 2109--2109
[]\TU/lmtt/m/n/12 10- [id2 nidba].{k}.ani].{}        -- his canal of food offer
ing,[] 
 []


Overfull \hbox (11.69977pt too wide) in paragraph at lines 2109--2109
[]\TU/lmtt/m/n/12 11- mu na ba al                    -- (the king) dredged for 
him.[] 
 []



[46]
Underfull \hbox (badness 10000) in paragraph at lines 2126--2133

 []


Underfull \hbox (badness 10000) in paragraph at lines 2134--2141

 []


Underfull \hbox (badness 10000) in paragraph at lines 2142--2149

 []



[47]
Underfull \hbox (badness 10000) in paragraph at lines 2174--2176

 []


Underfull \hbox (badness 10000) in paragraph at lines 2185--2187

 []



[48]

[49

]

[50]

[51]

[52]

[53]

[54

]
Chapter 5.

Underfull \hbox (badness 10000) in paragraph at lines 2336--2337

 []


Underfull \hbox (badness 10000) in paragraph at lines 2338--2339

 []


Underfull \hbox (badness 10000) in paragraph at lines 2340--2341

 []


Underfull \hbox (badness 10000) in paragraph at lines 2342--2343

 []


Underfull \hbox (badness 10000) in paragraph at lines 2344--2345

 []


Underfull \hbox (badness 10000) in paragraph at lines 2346--2347

 []


Underfull \hbox (badness 10000) in paragraph at lines 2348--2349

 []



[55]
Underfull \hbox (badness 10000) in paragraph at lines 2387--2394

 []


Underfull \hbox (badness 10000) in paragraph at lines 2395--2402

 []


Underfull \hbox (badness 10000) in paragraph at lines 2403--2410

 []



[56]
Underfull \hbox (badness 10000) in paragraph at lines 2412--2419

 []



[57]

[58

]
Chapter 6.

Underfull \hbox (badness 10000) in paragraph at lines 2445--2456

 []



[59]
Underfull \hbox (badness 10000) in paragraph at lines 2520--2530

 []



[60]

[61]
Underfull \hbox (badness 10000) in paragraph at lines 2600--2620

 []



[62]
Underfull \hbox (badness 10000) in paragraph at lines 2654--2662

 []



[63]
Underfull \hbox (badness 10000) in paragraph at lines 2669--2676

 []


Underfull \hbox (badness 10000) in paragraph at lines 2702--2709

 []


Underfull \hbox (badness 10000) in paragraph at lines 2712--2719

 []



[64]
Chapter 7.

Underfull \hbox (badness 10000) in paragraph at lines 2736--2741

 []



[65

]
Underfull \hbox (badness 10000) in paragraph at lines 2748--2755

 []

(./sumer-noto.ind

[66]



[67

]



[68]



[69]



[70]



[71]) (./sumer-noto.aux)
 ***********
LaTeX2e <2024-06-01> patch level 2
L3 programming layer <2024-08-16>
 ***********
 ) 
Here is how much of TeX's memory you used:
 4721 strings out of 474235
 130627 string characters out of 5742254
 1932609 words of memory out of 5000000
 27357 multiletter control sequences out of 15000+600000
 564973 words of font info for 81 fonts, out of 8000000 for 9000
 1348 hyphenation exceptions out of 8191
 79i,8n,93p,253b,398s stack positions out of 10000i,1000n,20000p,200000b,200000s

Output written on sumer-noto.pdf (72 pages).
