This is XeTeX, Version 3.141592653-2.6-0.999996 (TeX Live 2024) (preloaded format=xelatex 2024.9.1)  4 SEP 2024 04:11
entering extended mode
 restricted \write18 enabled.
 %&-line parsing enabled.
**x
(/usr/local/texlive/2024/texmf-dist/tex/latex/tools/x.tex
LaTeX2e <2024-06-01> patch level 2
L3 programming layer <2024-08-16>

! .
l.38   \batchmode \errmessage{}
                               \csname @@end\endcsname \end
This error message was generated by an \errmessage
command, so I can't give any explicit help.
Pretend that you're Hercule Poirot: Examine all clues,
and deduce the truth by order and method.

 ) 
Here is how much of TeX's memory you used:
 14 strings out of 474235
 385 string characters out of 5742254
 1918609 words of memory out of 5000000
 22805 multiletter control sequences out of 15000+600000
 558069 words of font info for 36 fonts, out of 8000000 for 9000
 1348 hyphenation exceptions out of 8191
 11i,0n,13p,81b,8s stack positions out of 10000i,1000n,20000p,200000b,200000s

No pages of output.
