This is XeTeX, Version 3.141592653-2.6-0.999996 (TeX Live 2024) (preloaded format=xelatex 2024.9.1)  2 SEP 2024 14:00
entering extended mode
 restricted \write18 enabled.
 %&-line parsing enabled.
**sumer-ttf.tex
(./sumer-ttf.tex
LaTeX2e <2024-06-01> patch level 2
L3 programming layer <2024-08-16>
(/usr/local/texlive/2024/texmf-dist/tex/latex/base/book.cls
Document Class: book 2024/02/08 v1.4n Standard LaTeX document class
(/usr/local/texlive/2024/texmf-dist/tex/latex/base/bk12.clo
File: bk12.clo 2024/02/08 v1.4n Standard LaTeX file (size option)
)
\c@part=\count190
\c@chapter=\count191
\c@section=\count192
\c@subsection=\count193
\c@subsubsection=\count194
\c@paragraph=\count195
\c@subparagraph=\count196
\c@figure=\count197
\c@table=\count198
\abovecaptionskip=\skip49
\belowcaptionskip=\skip50
\bibindent=\dimen141
)
(/usr/local/texlive/2024/texmf-dist/tex/generic/babel/babel.sty
Package: babel 2024/08/29 v24.9 The Babel package
\babel@savecnt=\count199
\U@D=\dimen142
\l@unhyphenated=\language89

(/usr/local/texlive/2024/texmf-dist/tex/generic/babel/xebabel.def)
\bbl@readstream=\read2
\bbl@dirlevel=\count266

(/usr/local/texlive/2024/texmf-dist/tex/generic/babel-english/english.ldf
Language: english 2017/06/06 v3.3r English support from the babel system
Package babel Info: Hyphen rules for 'canadian' set to \l@english
(babel)             (\language0). Reported on input line 102.
Package babel Info: Hyphen rules for 'australian' set to \l@ukenglish
(babel)             (\language23). Reported on input line 105.
Package babel Info: Hyphen rules for 'newzealand' set to \l@ukenglish
(babel)             (\language23). Reported on input line 108.
))
(/usr/local/texlive/2024/texmf-dist/tex/generic/babel/locale/en/babel-english.t
ex
Package babel Info: Importing font and identification data for english
(babel)             from babel-en.ini. Reported on input line 11.
) (/usr/local/texlive/2024/texmf-dist/tex/latex/base/inputenc.sty
Package: inputenc 2024/02/08 v1.3d Input encoding file
\inpenc@prehook=\toks17
\inpenc@posthook=\toks18


Package inputenc Warning: inputenc package ignored with utf8 based engines.

) (/usr/local/texlive/2024/texmf-dist/tex/latex/graphics/graphicx.sty
Package: graphicx 2021/09/16 v1.2d Enhanced LaTeX Graphics (DPC,SPQR)

(/usr/local/texlive/2024/texmf-dist/tex/latex/graphics/keyval.sty
Package: keyval 2022/05/29 v1.15 key=value parser (DPC)
\KV@toks@=\toks19
)
(/usr/local/texlive/2024/texmf-dist/tex/latex/graphics/graphics.sty
Package: graphics 2024/05/23 v1.4g Standard LaTeX Graphics (DPC,SPQR)

(/usr/local/texlive/2024/texmf-dist/tex/latex/graphics/trig.sty
Package: trig 2023/12/02 v1.11 sin cos tan (DPC)
)
(/usr/local/texlive/2024/texmf-dist/tex/latex/graphics-cfg/graphics.cfg
File: graphics.cfg 2016/06/04 v1.11 sample graphics configuration
)
Package graphics Info: Driver file: xetex.def on input line 106.

(/usr/local/texlive/2024/texmf-dist/tex/latex/graphics-def/xetex.def
File: xetex.def 2022/09/22 v5.0n Graphics/color driver for xetex
))
\Gin@req@height=\dimen143
\Gin@req@width=\dimen144
)
(/usr/local/texlive/2024/texmf-dist/tex/latex/base/fontenc.sty
Package: fontenc 2021/04/29 v2.0v Standard LaTeX package
LaTeX Font Info:    Trying to load font information for T1+lmr on input line 11
6.

(/usr/local/texlive/2024/texmf-dist/tex/latex/lm/t1lmr.fd
File: t1lmr.fd 2015/05/01 v1.6.1 Font defs for Latin Modern
))
(/usr/local/texlive/2024/texmf-dist/tex/latex/upquote/upquote.sty
Package: upquote 2012/04/19 v1.3 upright-quote and grave-accent glyphs in verba
tim

(/usr/local/texlive/2024/texmf-dist/tex/latex/base/textcomp.sty
Package: textcomp 2024/04/24 v2.1b Standard LaTeX package
))
(/usr/local/texlive/2024/texmf-dist/tex/latex/base/makeidx.sty
Package: makeidx 2021/10/04 v1.0m Standard LaTeX package
)
(/usr/local/texlive/2024/texmf-dist/tex/latex/fontspec/fontspec.sty
(/usr/local/texlive/2024/texmf-dist/tex/latex/l3packages/xparse/xparse.sty
(/usr/local/texlive/2024/texmf-dist/tex/latex/l3kernel/expl3.sty
Package: expl3 2024-08-16 L3 programming layer (loader) 

(/usr/local/texlive/2024/texmf-dist/tex/latex/l3backend/l3backend-xetex.def
File: l3backend-xetex.def 2024-05-08 L3 backend support: XeTeX
\g__graphics_track_int=\count267
\l__pdf_internal_box=\box52
\g__pdf_backend_annotation_int=\count268
\g__pdf_backend_link_int=\count269
))
Package: xparse 2024-08-16 L3 Experimental document command parser
)
Package: fontspec 2024/05/11 v2.9e Font selection for XeLaTeX and LuaLaTeX

(/usr/local/texlive/2024/texmf-dist/tex/latex/fontspec/fontspec-xetex.sty
Package: fontspec-xetex 2024/05/11 v2.9e Font selection for XeLaTeX and LuaLaTe
X
\l__fontspec_script_int=\count270
\l__fontspec_language_int=\count271
\l__fontspec_strnum_int=\count272
\l__fontspec_tmp_int=\count273
\l__fontspec_tmpa_int=\count274
\l__fontspec_tmpb_int=\count275
\l__fontspec_tmpc_int=\count276
\l__fontspec_em_int=\count277
\l__fontspec_emdef_int=\count278
\l__fontspec_strong_int=\count279
\l__fontspec_strongdef_int=\count280
\l__fontspec_tmpa_dim=\dimen145
\l__fontspec_tmpb_dim=\dimen146
\l__fontspec_tmpc_dim=\dimen147

(/usr/local/texlive/2024/texmf-dist/tex/latex/base/fontenc.sty
Package: fontenc 2021/04/29 v2.0v Standard LaTeX package
)
(/usr/local/texlive/2024/texmf-dist/tex/latex/fontspec/fontspec.cfg)))
(/usr/local/texlive/2024/texmf-dist/tex/latex/setspace/setspace.sty
Package: setspace 2022/12/04 v6.7b set line spacing
)
\@indexfile=\write3
\openout3 = `sumer-ttf.idx'.


Writing index file sumer-ttf.idx
(./sumer-ttf.aux)
\openout1 = `sumer-ttf.aux'.

LaTeX Font Info:    Checking defaults for OML/cmm/m/it on input line 29.
LaTeX Font Info:    ... okay on input line 29.
LaTeX Font Info:    Checking defaults for OMS/cmsy/m/n on input line 29.
LaTeX Font Info:    ... okay on input line 29.
LaTeX Font Info:    Checking defaults for OT1/cmr/m/n on input line 29.
LaTeX Font Info:    ... okay on input line 29.
LaTeX Font Info:    Checking defaults for T1/cmr/m/n on input line 29.
LaTeX Font Info:    ... okay on input line 29.
LaTeX Font Info:    Checking defaults for TS1/cmr/m/n on input line 29.
LaTeX Font Info:    Trying to load font information for TS1+cmr on input line 2
9.
 (/usr/local/texlive/2024/texmf-dist/tex/latex/base/ts1cmr.fd
File: ts1cmr.fd 2023/04/13 v2.5m Standard LaTeX font definitions
)
LaTeX Font Info:    ... okay on input line 29.
LaTeX Font Info:    Checking defaults for TU/lmr/m/n on input line 29.
LaTeX Font Info:    ... okay on input line 29.
LaTeX Font Info:    Checking defaults for OMX/cmex/m/n on input line 29.
LaTeX Font Info:    ... okay on input line 29.
LaTeX Font Info:    Checking defaults for U/cmr/m/n on input line 29.
LaTeX Font Info:    ... okay on input line 29.

Package fontspec Info: 
(fontspec)             Adjusting the maths setup (use [no-math] to avoid
(fontspec)             this).

\symlegacymaths=\mathgroup4
LaTeX Font Info:    Overwriting symbol font `legacymaths' in version `bold'
(Font)                  OT1/cmr/m/n --> OT1/cmr/bx/n on input line 29.
LaTeX Font Info:    Redeclaring math accent \acute on input line 29.
LaTeX Font Info:    Redeclaring math accent \grave on input line 29.
LaTeX Font Info:    Redeclaring math accent \ddot on input line 29.
LaTeX Font Info:    Redeclaring math accent \tilde on input line 29.
LaTeX Font Info:    Redeclaring math accent \bar on input line 29.
LaTeX Font Info:    Redeclaring math accent \breve on input line 29.
LaTeX Font Info:    Redeclaring math accent \check on input line 29.
LaTeX Font Info:    Redeclaring math accent \hat on input line 29.
LaTeX Font Info:    Redeclaring math accent \dot on input line 29.
LaTeX Font Info:    Redeclaring math accent \mathring on input line 29.
LaTeX Font Info:    Redeclaring math symbol \colon on input line 29.
LaTeX Font Info:    Redeclaring math symbol \Gamma on input line 29.
LaTeX Font Info:    Redeclaring math symbol \Delta on input line 29.
LaTeX Font Info:    Redeclaring math symbol \Theta on input line 29.
LaTeX Font Info:    Redeclaring math symbol \Lambda on input line 29.
LaTeX Font Info:    Redeclaring math symbol \Xi on input line 29.
LaTeX Font Info:    Redeclaring math symbol \Pi on input line 29.
LaTeX Font Info:    Redeclaring math symbol \Sigma on input line 29.
LaTeX Font Info:    Redeclaring math symbol \Upsilon on input line 29.
LaTeX Font Info:    Redeclaring math symbol \Phi on input line 29.
LaTeX Font Info:    Redeclaring math symbol \Psi on input line 29.
LaTeX Font Info:    Redeclaring math symbol \Omega on input line 29.
LaTeX Font Info:    Redeclaring math symbol \mathdollar on input line 29.
LaTeX Font Info:    Redeclaring symbol font `operators' on input line 29.
LaTeX Font Info:    Encoding `OT1' has changed to `TU' for symbol font
(Font)              `operators' in the math version `normal' on input line 29.
LaTeX Font Info:    Overwriting symbol font `operators' in version `normal'
(Font)                  OT1/cmr/m/n --> TU/lmr/m/n on input line 29.
LaTeX Font Info:    Encoding `OT1' has changed to `TU' for symbol font
(Font)              `operators' in the math version `bold' on input line 29.
LaTeX Font Info:    Overwriting symbol font `operators' in version `bold'
(Font)                  OT1/cmr/bx/n --> TU/lmr/m/n on input line 29.
LaTeX Font Info:    Overwriting symbol font `operators' in version `normal'
(Font)                  TU/lmr/m/n --> TU/lmr/m/n on input line 29.
LaTeX Font Info:    Overwriting math alphabet `\mathit' in version `normal'
(Font)                  OT1/cmr/m/it --> TU/lmr/m/it on input line 29.
LaTeX Font Info:    Overwriting math alphabet `\mathbf' in version `normal'
(Font)                  OT1/cmr/bx/n --> TU/lmr/b/n on input line 29.
LaTeX Font Info:    Overwriting math alphabet `\mathsf' in version `normal'
(Font)                  OT1/cmss/m/n --> TU/lmss/m/n on input line 29.
LaTeX Font Info:    Overwriting math alphabet `\mathtt' in version `normal'
(Font)                  OT1/cmtt/m/n --> TU/lmtt/m/n on input line 29.
LaTeX Font Info:    Overwriting symbol font `operators' in version `bold'
(Font)                  TU/lmr/m/n --> TU/lmr/b/n on input line 29.
LaTeX Font Info:    Overwriting math alphabet `\mathit' in version `bold'
(Font)                  OT1/cmr/bx/it --> TU/lmr/b/it on input line 29.
LaTeX Font Info:    Overwriting math alphabet `\mathsf' in version `bold'
(Font)                  OT1/cmss/bx/n --> TU/lmss/b/n on input line 29.
LaTeX Font Info:    Overwriting math alphabet `\mathtt' in version `bold'
(Font)                  OT1/cmtt/m/n --> TU/lmtt/b/n on input line 29.
LaTeX Font Info:    External font `cmex10' loaded for size
(Font)              <14.4> on input line 30.
LaTeX Font Info:    External font `cmex10' loaded for size
(Font)              <7> on input line 30.


[1


]
Chapter 1.

Package fontspec Info: 
(fontspec)             Font family 'Akkadian(0)' created for font 'Akkadian'
(fontspec)             with options [Ligatures=TeX,Extension=.ttf].
(fontspec)              
(fontspec)              This font family consists of the following NFSS
(fontspec)             series/shapes:
(fontspec)              
(fontspec)             - 'normal' (m/n) with NFSS spec.:
(fontspec)             <->"[Akkadian.ttf]/OT:script=latn;language=dflt;mapping=
tex-text;"



[1

]

[2]
LaTeX Font Info:    External font `cmex10' loaded for size
(Font)              <12> on input line 181.
LaTeX Font Info:    External font `cmex10' loaded for size
(Font)              <8> on input line 181.
LaTeX Font Info:    External font `cmex10' loaded for size
(Font)              <6> on input line 181.

Underfull \hbox (badness 10000) in paragraph at lines 194--195

 []



[3]
Overfull \hbox (7.14563pt too wide) in paragraph at lines 221--227
[]\TU/lmr/m/n/12 Sumerian uses symbols, called determinatives, to make the mean
ing clearer.
 []


Underfull \hbox (badness 10000) in paragraph at lines 233--244

 []



[4]

[5]
Underfull \hbox (badness 10000) in paragraph at lines 340--345

 []


Underfull \hbox (badness 10000) in paragraph at lines 363--366

 []


Underfull \hbox (badness 10000) in paragraph at lines 379--386

 []



[6]

[7]

[8

]

[9]

[10]

[11]

[12]
Underfull \hbox (badness 10000) in paragraph at lines 656--660

 []


Underfull \hbox (badness 10000) in paragraph at lines 670--678

 []



[13]
Underfull \hbox (badness 10000) in paragraph at lines 690--712

 []



[14]
Underfull \hbox (badness 10000) in paragraph at lines 716--719

 []


Underfull \hbox (badness 10000) in paragraph at lines 725--736

 []


Underfull \hbox (badness 10000) in paragraph at lines 738--757

 []



[15]
Underfull \hbox (badness 10000) in paragraph at lines 767--777

 []


Underfull \hbox (badness 10000) in paragraph at lines 779--783

 []


Underfull \hbox (badness 10000) in paragraph at lines 785--789

 []


Underfull \hbox (badness 10000) in paragraph at lines 791--795

 []



[16]

[17]
Underfull \hbox (badness 10000) in paragraph at lines 878--881

 []


Underfull \hbox (badness 10000) in paragraph at lines 883--894

 []


Underfull \hbox (badness 10000) in paragraph at lines 895--899

 []


Underfull \hbox (badness 10000) in paragraph at lines 900--903

 []


Underfull \hbox (badness 10000) in paragraph at lines 904--907

 []



[18]
Chapter 2.

Overfull \hbox (42.59988pt too wide) in paragraph at lines 950--950
[]\TU/lmtt/m/n/12 5-   [lugal ki-en-gi ki uri].{k}].{e}  -- the king of Sumer a
nd Akkad,[] 
 []



[19

]
Underfull \hbox (badness 10000) in paragraph at lines 968--979

 []


Underfull \hbox (badness 10000) in paragraph at lines 980--983

 []


Underfull \hbox (badness 10000) in paragraph at lines 984--999

 []


Underfull \hbox (badness 10000) in paragraph at lines 1000--1008

 []



[20]
Underfull \hbox (badness 10000) in paragraph at lines 1010--1019

 []


Underfull \hbox (badness 10000) in paragraph at lines 1028--1040

 []



[21]

[22

]
Underfull \hbox (badness 10000) in paragraph at lines 1103--1106

 []


Underfull \hbox (badness 10000) in paragraph at lines 1107--1110

 []


Underfull \hbox (badness 10000) in paragraph at lines 1111--1114

 []


Underfull \hbox (badness 10000) in paragraph at lines 1115--1118

 []


Underfull \hbox (badness 10000) in paragraph at lines 1119--1122

 []


Underfull \hbox (badness 10000) in paragraph at lines 1123--1126

 []


Underfull \hbox (badness 10000) in paragraph at lines 1127--1130

 []



[23]
Underfull \hbox (badness 10000) in paragraph at lines 1138--1141

 []


Underfull \hbox (badness 10000) in paragraph at lines 1142--1147

 []


Underfull \hbox (badness 10000) in paragraph at lines 1148--1151

 []


Underfull \hbox (badness 10000) in paragraph at lines 1152--1156

 []



[24]
Underfull \hbox (badness 10000) in paragraph at lines 1180--1183

 []


Underfull \hbox (badness 10000) in paragraph at lines 1186--1193

 []


Underfull \hbox (badness 10000) in paragraph at lines 1214--1218

 []



[25]
Underfull \hbox (badness 10000) in paragraph at lines 1227--1230

 []


Underfull \hbox (badness 10000) in paragraph at lines 1231--1236

 []


Underfull \hbox (badness 10000) in paragraph at lines 1237--1240

 []


Underfull \hbox (badness 10000) in paragraph at lines 1241--1246

 []


Underfull \hbox (badness 10000) in paragraph at lines 1247--1252

 []


Underfull \hbox (badness 10000) in paragraph at lines 1253--1258

 []



[26]
Underfull \hbox (badness 10000) in paragraph at lines 1260--1265

 []


Underfull \hbox (badness 10000) in paragraph at lines 1266--1271

 []


Underfull \hbox (badness 10000) in paragraph at lines 1278--1283

 []



[27]
Underfull \hbox (badness 10000) in paragraph at lines 1290--1294

 []


Underfull \hbox (badness 10000) in paragraph at lines 1295--1299

 []


Underfull \hbox (badness 10000) in paragraph at lines 1308--1311

 []


Underfull \hbox (badness 10000) in paragraph at lines 1318--1321

 []



[28]
Underfull \hbox (badness 10000) in paragraph at lines 1329--1332

 []


Underfull \hbox (badness 10000) in paragraph at lines 1339--1342

 []


Underfull \hbox (badness 10000) in paragraph at lines 1349--1352

 []



[29]
Underfull \hbox (badness 10000) in paragraph at lines 1360--1363

 []


Underfull \hbox (badness 10000) in paragraph at lines 1364--1368

 []



[30]

[31]

[32

]
Chapter 3.

Overfull \hbox (36.4079pt too wide) in paragraph at lines 1453--1453
[]\TU/lmtt/m/n/12 6-   [lugal ki-en-gi ki uri].{k}].{e} -- the king of Sumer an
d Akkad,[] 
 []


Overfull \hbox (17.87985pt too wide) in paragraph at lines 1453--1453
[]\TU/lmtt/m/n/12 7- [nam til3 a ni].{she3} #goal       -- for the sake of his 
life,[] 
 []


Overfull \hbox (11.69972pt too wide) in paragraph at lines 1453--1453
[]\TU/lmtt/m/n/12 8- a mu na ru                         -- dedicated (this vess
el).[] 
 []



[33]
Underfull \hbox (badness 10000) in paragraph at lines 1457--1461

 []


Overfull \hbox (3.67216pt too wide) in paragraph at lines 1488--1495
[] 
 []



[34]
Underfull \vbox (badness 10000) has occurred while \output is active []



[35]

[36]
Underfull \hbox (badness 10000) in paragraph at lines 1604--1607

 []


Underfull \hbox (badness 10000) in paragraph at lines 1608--1623

 []


Underfull \hbox (badness 10000) in paragraph at lines 1624--1630

 []



[37

]
Underfull \hbox (badness 10000) in paragraph at lines 1647--1649

 []


Underfull \hbox (badness 10000) in paragraph at lines 1650--1663

 []


Underfull \hbox (badness 10000) in paragraph at lines 1664--1669

 []



[38]
Underfull \hbox (badness 10000) in paragraph at lines 1687--1689

 []


Underfull \hbox (badness 10000) in paragraph at lines 1702--1706

 []


Underfull \hbox (badness 10000) in paragraph at lines 1707--1711

 []



[39]
Underfull \hbox (badness 10000) in paragraph at lines 1719--1723

 []


Overfull \hbox (6.9645pt too wide) in paragraph at lines 1724--1737
[] 
 []


Underfull \hbox (badness 10000) in paragraph at lines 1740--1751

 []



[40]
Underfull \hbox (badness 10000) in paragraph at lines 1762--1766

 []


Underfull \hbox (badness 10000) in paragraph at lines 1768--1774

 []


Underfull \hbox (badness 10000) in paragraph at lines 1776--1781

 []

Missing character: There is no 𒍢 (U+12362) in font [lmroman12-regular]:mapping=
tex-text;!

Underfull \hbox (badness 10000) in paragraph at lines 1783--1794

 []


Underfull \hbox (badness 10000) in paragraph at lines 1796--1801

 []



[41]
Underfull \hbox (badness 10000) in paragraph at lines 1802--1807

 []


Underfull \hbox (badness 10000) in paragraph at lines 1813--1814

 []


Underfull \hbox (badness 10000) in paragraph at lines 1816--1821

 []


Underfull \hbox (badness 10000) in paragraph at lines 1827--1831

 []



[42]
Underfull \hbox (badness 10000) in paragraph at lines 1839--1843

 []


Underfull \hbox (badness 10000) in paragraph at lines 1861--1868

 []


Underfull \hbox (badness 10000) in paragraph at lines 1869--1874

 []



[43]
Underfull \hbox (badness 10000) in paragraph at lines 1882--1886

 []


Underfull \hbox (badness 10000) in paragraph at lines 1893--1919

 []



[44]
Chapter 4.


[45

]
Overfull \hbox (11.69987pt too wide) in paragraph at lines 1978--1978
[]\TU/lmtt/m/n/12 10- [id2 nidba].{k}.ani].{}        -- his canal of food offer
ing,[] 
 []


Overfull \hbox (11.69977pt too wide) in paragraph at lines 1978--1978
[]\TU/lmtt/m/n/12 11- mu na ba al                    -- (the king) dredged for 
him.[] 
 []



[46]
Underfull \hbox (badness 10000) in paragraph at lines 1994--2001

 []


Underfull \hbox (badness 10000) in paragraph at lines 2002--2009

 []


Underfull \hbox (badness 10000) in paragraph at lines 2010--2017

 []


Underfull \hbox (badness 10000) in paragraph at lines 2018--2025

 []


Underfull \hbox (badness 10000) in paragraph at lines 2026--2033

 []


Underfull \hbox (badness 10000) in paragraph at lines 2034--2043

 []



[47]
Underfull \hbox (badness 10000) in paragraph at lines 2047--2049

 []


Underfull \hbox (badness 10000) in paragraph at lines 2050--2052

 []


Underfull \hbox (badness 10000) in paragraph at lines 2053--2055

 []


Underfull \hbox (badness 10000) in paragraph at lines 2056--2058

 []



[48]

[49

]

[50]

[51]

[52]

[53]

[54

]
Chapter 5.

Underfull \hbox (badness 10000) in paragraph at lines 2188--2189

 []


Underfull \hbox (badness 10000) in paragraph at lines 2190--2191

 []


Underfull \hbox (badness 10000) in paragraph at lines 2192--2193

 []


Underfull \hbox (badness 10000) in paragraph at lines 2194--2195

 []


Underfull \hbox (badness 10000) in paragraph at lines 2196--2197

 []


Underfull \hbox (badness 10000) in paragraph at lines 2198--2199

 []


Underfull \hbox (badness 10000) in paragraph at lines 2200--2201

 []



[55]
Underfull \hbox (badness 10000) in paragraph at lines 2223--2234

 []


Underfull \hbox (badness 10000) in paragraph at lines 2235--2242

 []


Underfull \hbox (badness 10000) in paragraph at lines 2243--2250

 []


Underfull \hbox (badness 10000) in paragraph at lines 2251--2258

 []



[56]
Underfull \hbox (badness 10000) in paragraph at lines 2260--2267

 []


Underfull \hbox (badness 10000) in paragraph at lines 2269--2271

 []


Underfull \hbox (badness 10000) in paragraph at lines 2272--2274

 []


Underfull \hbox (badness 10000) in paragraph at lines 2275--2277

 []


Underfull \hbox (badness 10000) in paragraph at lines 2278--2280

 []


Underfull \hbox (badness 10000) in paragraph at lines 2281--2283

 []



[57]

[58

]
Chapter 6.

Underfull \hbox (badness 10000) in paragraph at lines 2286--2296

 []



[59]

[60]

[61]
Underfull \hbox (badness 10000) in paragraph at lines 2424--2444

 []



[62]
Underfull \hbox (badness 10000) in paragraph at lines 2478--2486

 []

(./sumer-ttf.ind

[63]



[64

]



[65]



[66

]) (./sumer-ttf.aux)
 ***********
LaTeX2e <2024-06-01> patch level 2
L3 programming layer <2024-08-16>
 ***********
 ) 
Here is how much of TeX's memory you used:
 4721 strings out of 474235
 130219 string characters out of 5742254
 1931609 words of memory out of 5000000
 27357 multiletter control sequences out of 15000+600000
 564973 words of font info for 81 fonts, out of 8000000 for 9000
 1348 hyphenation exceptions out of 8191
 79i,8n,93p,252b,374s stack positions out of 10000i,1000n,20000p,200000b,200000s

Output written on sumer-ttf.pdf (67 pages).
